<?xml version="1.0" encoding="UTF-8"?>
<!-- Generated by org.testng.reporters.JUnitReportReporter -->
<testsuite skipped="0" hostname="Ragu-PC" name="com.automation.practice.SampleTestNG" tests="2" failures="0" timestamp="2019-12-18T12:17:47 IST" time="0.000" errors="0">
  <testcase name="searchMobile" time="0.000" classname="com.automation.practice.SampleTestNG"/>
  <testcase name="searchLaptop" time="0.000" classname="com.automation.practice.SampleTestNG"/>
</testsuite> <!-- com.automation.practice.SampleTestNG -->
