<?xml version="1.0" encoding="UTF-8"?>
<!-- Generated by org.testng.reporters.JUnitReportReporter -->
<testsuite skipped="3" hostname="Ragu-PC" name="com.testngwork.org.IgnoreTestConcept" tests="6" failures="0" timestamp="2020-01-08T12:31:37 IST" time="0.003" errors="0">
  <testcase name="mobileSearch" time="0.001" classname="com.testngwork.org.IgnoreTestConcept"/>
  <testcase name="watchSearch" time="0.001" classname="com.testngwork.org.IgnoreTestConcept"/>
  <testcase name="giftSearch" time="0.001" classname="com.testngwork.org.IgnoreTestConcept"/>
  <testcase name="dressSearch" classname="com.testngwork.org.IgnoreTestConcept">
    <skipped/>
  </testcase> <!-- dressSearch -->
  <testcase name="toysSearch" classname="com.testngwork.org.IgnoreTestConcept">
    <skipped/>
  </testcase> <!-- toysSearch -->
  <testcase name="laptopSearch" classname="com.testngwork.org.IgnoreTestConcept">
    <skipped/>
  </testcase> <!-- laptopSearch -->
</testsuite> <!-- com.testngwork.org.IgnoreTestConcept -->
