<?xml version="1.0" encoding="UTF-8"?>
<!-- Generated by org.testng.reporters.JUnitReportReporter -->
<testsuite skipped="0" hostname="Ragu-PC" name="com.testngwork.org.DependencyTest" tests="3" failures="0" timestamp="2020-01-08T12:31:37 IST" time="0.005" errors="0">
  <testcase name="searchMobile" time="0.004" classname="com.testngwork.org.DependencyTest"/>
  <testcase name="logout" time="0.001" classname="com.testngwork.org.DependencyTest"/>
  <testcase name="login" time="0.000" classname="com.testngwork.org.DependencyTest"/>
</testsuite> <!-- com.testngwork.org.DependencyTest -->
