<?xml version="1.0" encoding="UTF-8"?>
<!-- Generated by org.testng.reporters.JUnitReportReporter -->
<testsuite skipped="0" hostname="Ragu-PC" name="com.testngwork.org.FlipkartSearch" tests="4" failures="0" timestamp="2020-01-08T12:31:37 IST" time="0.006" errors="0">
  <testcase name="videogameSearch" time="0.001" classname="com.testngwork.org.FlipkartSearch"/>
  <testcase name="sunglassSearch" time="0.002" classname="com.testngwork.org.FlipkartSearch"/>
  <testcase name="bycycleSearch" time="0.002" classname="com.testngwork.org.FlipkartSearch"/>
  <testcase name="handbagSearch" time="0.001" classname="com.testngwork.org.FlipkartSearch"/>
</testsuite> <!-- com.testngwork.org.FlipkartSearch -->
