<?xml version="1.0" encoding="UTF-8"?>
<!-- Generated by org.testng.reporters.JUnitReportReporter -->
<testsuite skipped="0" hostname="Ragu-PC" name="com.testngtraining.org.DataProviderConcept" tests="3" failures="0" timestamp="2020-01-08T12:31:37 IST" time="0.016" errors="0">
  <testcase name="creditial" time="0.003" classname="com.testngtraining.org.DataProviderConcept"/>
  <testcase name="creditial" time="0.011" classname="com.testngtraining.org.DataProviderConcept"/>
  <testcase name="creditial" time="0.002" classname="com.testngtraining.org.DataProviderConcept"/>
</testsuite> <!-- com.testngtraining.org.DataProviderConcept -->
