<?xml version="1.0" encoding="UTF-8"?>
<!-- Generated by org.testng.reporters.JUnitReportReporter -->
<testsuite skipped="0" hostname="Ragu-PC" name="com.testngwork.org.PriorityTestConcept" tests="6" failures="0" timestamp="2020-01-08T12:31:37 IST" time="0.005" errors="0">
  <testcase name="giftSearch" time="0.001" classname="com.testngwork.org.PriorityTestConcept"/>
  <testcase name="watchSearch" time="0.001" classname="com.testngwork.org.PriorityTestConcept"/>
  <testcase name="toysSearch" time="0.001" classname="com.testngwork.org.PriorityTestConcept"/>
  <testcase name="mobileSearch" time="0.001" classname="com.testngwork.org.PriorityTestConcept"/>
  <testcase name="laptopSearch" time="0.001" classname="com.testngwork.org.PriorityTestConcept"/>
  <testcase name="dressSearch" time="0.000" classname="com.testngwork.org.PriorityTestConcept"/>
</testsuite> <!-- com.testngwork.org.PriorityTestConcept -->
