<?xml version="1.0" encoding="UTF-8"?>
<!-- Generated by org.testng.reporters.JUnitReportReporter -->
<testsuite skipped="0" hostname="Ragu-PC" name="com.testngwork.org.GroupsOfGroups" tests="5" failures="0" timestamp="2020-01-08T12:31:37 IST" time="0.079" errors="0">
  <testcase name="test2" time="0.001" classname="com.testngwork.org.GroupsOfGroups"/>
  <testcase name="test1" time="0.070" classname="com.testngwork.org.GroupsOfGroups"/>
  <testcase name="test4" time="0.003" classname="com.testngwork.org.GroupsOfGroups"/>
  <testcase name="test5" time="0.001" classname="com.testngwork.org.GroupsOfGroups"/>
  <testcase name="test3" time="0.004" classname="com.testngwork.org.GroupsOfGroups"/>
</testsuite> <!-- com.testngwork.org.GroupsOfGroups -->
