<?xml version="1.0" encoding="UTF-8"?>
<!-- Generated by org.testng.reporters.JUnitReportReporter -->
<testsuite skipped="0" hostname="Ragu-PC" name="com.testngwork.org.InvocationCount" tests="19" failures="0" timestamp="2020-01-08T12:31:37 IST" time="0.045" errors="0">
  <testcase name="watchSearch" time="0.001" classname="com.testngwork.org.InvocationCount"/>
  <testcase name="laptopSearch" time="0.001" classname="com.testngwork.org.InvocationCount"/>
  <testcase name="watchSearch" time="0.001" classname="com.testngwork.org.InvocationCount"/>
  <testcase name="toysSearch" time="0.006" classname="com.testngwork.org.InvocationCount"/>
  <testcase name="watchSearch" time="0.004" classname="com.testngwork.org.InvocationCount"/>
  <testcase name="watchSearch" time="0.002" classname="com.testngwork.org.InvocationCount"/>
  <testcase name="watchSearch" time="0.001" classname="com.testngwork.org.InvocationCount"/>
  <testcase name="watchSearch" time="0.001" classname="com.testngwork.org.InvocationCount"/>
  <testcase name="mobileSearch" time="0.001" classname="com.testngwork.org.InvocationCount"/>
  <testcase name="giftSearch" time="0.015" classname="com.testngwork.org.InvocationCount"/>
  <testcase name="watchSearch" time="0.002" classname="com.testngwork.org.InvocationCount"/>
  <testcase name="watchSearch" time="0.001" classname="com.testngwork.org.InvocationCount"/>
  <testcase name="watchSearch" time="0.002" classname="com.testngwork.org.InvocationCount"/>
  <testcase name="toysSearch" time="0.001" classname="com.testngwork.org.InvocationCount"/>
  <testcase name="toysSearch" time="0.001" classname="com.testngwork.org.InvocationCount"/>
  <testcase name="toysSearch" time="0.001" classname="com.testngwork.org.InvocationCount"/>
  <testcase name="toysSearch" time="0.001" classname="com.testngwork.org.InvocationCount"/>
  <testcase name="dressSearch" time="0.002" classname="com.testngwork.org.InvocationCount"/>
  <testcase name="watchSearch" time="0.001" classname="com.testngwork.org.InvocationCount"/>
</testsuite> <!-- com.testngwork.org.InvocationCount -->
