<?xml version="1.0" encoding="UTF-8"?>
<!-- Generated by org.testng.reporters.JUnitReportReporter -->
<testsuite skipped="0" hostname="Ragu-PC" name="com.testngwork.org.ParameterTest" tests="2" failures="0" timestamp="2019-12-20T09:01:54 IST" time="0.018" errors="0">
  <testcase name="credential1" time="0.002" classname="com.testngwork.org.ParameterTest"/>
  <testcase name="credential" time="0.016" classname="com.testngwork.org.ParameterTest"/>
</testsuite> <!-- com.testngwork.org.ParameterTest -->
