<?xml version="1.0" encoding="UTF-8"?>
<!-- Generated by org.testng.reporters.JUnitReportReporter -->
<testsuite skipped="0" hostname="Ragu-PC" name="com.testngtraining.org.bikeSearch" tests="4" failures="0" timestamp="2020-01-08T12:31:37 IST" time="0.005" errors="0">
  <testcase name="yamahaBike" time="0.001" classname="com.testngtraining.org.bikeSearch"/>
  <testcase name="herohondaBike" time="0.001" classname="com.testngtraining.org.bikeSearch"/>
  <testcase name="bajajBike" time="0.002" classname="com.testngtraining.org.bikeSearch"/>
  <testcase name="pulserBike" time="0.001" classname="com.testngtraining.org.bikeSearch"/>
</testsuite> <!-- com.testngtraining.org.bikeSearch -->
