<?xml version="1.0" encoding="UTF-8"?>
<!-- Generated by org.testng.reporters.JUnitReportReporter -->
<testsuite skipped="0" hostname="Ragu-PC" name="com.testngwork.org.TimesOut" tests="4" failures="0" timestamp="2020-01-08T12:31:37 IST" time="3.168" errors="1">
  <testcase name="laptopSearch" time="0.000" classname="com.testngwork.org.TimesOut"/>
  <testcase name="watchSearch" time="0.015" classname="com.testngwork.org.TimesOut"/>
  <testcase name="dressSearch" time="3.152" classname="com.testngwork.org.TimesOut">
    <error type="org.testng.internal.thread.ThreadTimeoutException" message="Method com.testngwork.org.TimesOut.dressSearch() didn&#039;t finish within the time-out 3000">
      <![CDATA[org.testng.internal.thread.ThreadTimeoutException: Method com.testngwork.org.TimesOut.dressSearch() didn't finish within the time-out 3000
]]>
    </error>
  </testcase> <!-- dressSearch -->
  <testcase name="mobileSearch" time="0.001" classname="com.testngwork.org.TimesOut"/>
</testsuite> <!-- com.testngwork.org.TimesOut -->
