<?xml version="1.0" encoding="UTF-8"?>
<!-- Generated by org.testng.reporters.JUnitReportReporter -->
<testsuite skipped="0" hostname="Ragu-PC" name="com.testngtraining.org.amazonSearch" tests="4" failures="0" timestamp="2020-01-08T12:31:37 IST" time="0.004" errors="0">
  <testcase name="keychainSearch" time="0.001" classname="com.testngtraining.org.amazonSearch"/>
  <testcase name="toysSearch" time="0.001" classname="com.testngtraining.org.amazonSearch"/>
  <testcase name="laptopSearch" time="0.001" classname="com.testngtraining.org.amazonSearch"/>
  <testcase name="mobileSearch" time="0.001" classname="com.testngtraining.org.amazonSearch"/>
</testsuite> <!-- com.testngtraining.org.amazonSearch -->
