<?xml version="1.0" encoding="UTF-8"?>
<!-- Generated by org.testng.reporters.JUnitReportReporter -->
<testsuite skipped="0" hostname="Ragu-PC" name="com.testngwork.org.DepenndsOnGroup" tests="3" failures="0" timestamp="2020-01-08T12:31:37 IST" time="0.012" errors="0">
  <testcase name="accNumber" time="0.010" classname="com.testngwork.org.DepenndsOnGroup"/>
  <testcase name="ifscCode" time="0.001" classname="com.testngwork.org.DepenndsOnGroup"/>
  <testcase name="empSalary" time="0.001" classname="com.testngwork.org.DepenndsOnGroup"/>
</testsuite> <!-- com.testngwork.org.DepenndsOnGroup -->
