<?xml version="1.0" encoding="UTF-8"?>
<!-- Generated by org.testng.reporters.JUnitReportReporter -->
<testsuite skipped="0" hostname="Ragu-PC" name="com.testngwork.org.GroupingTest" tests="5" failures="0" timestamp="2020-01-08T12:31:37 IST" time="0.019" errors="0">
  <testcase name="contactNumber" time="0.002" classname="com.testngwork.org.GroupingTest"/>
  <testcase name="accNumber" time="0.009" classname="com.testngwork.org.GroupingTest"/>
  <testcase name="ifscCode" time="0.001" classname="com.testngwork.org.GroupingTest"/>
  <testcase name="address" time="0.006" classname="com.testngwork.org.GroupingTest"/>
  <testcase name="empName" time="0.001" classname="com.testngwork.org.GroupingTest"/>
</testsuite> <!-- com.testngwork.org.GroupingTest -->
