<?xml version="1.0" encoding="UTF-8"?>
<!-- Generated by org.testng.reporters.JUnitReportReporter -->
<testsuite skipped="0" hostname="Ragu-PC" name="com.testngwork.org.BasicAnnotations" tests="2" failures="0" timestamp="2020-01-08T12:31:37 IST" time="0.002" errors="0">
  <testcase name="mobileSearch" time="0.001" classname="com.testngwork.org.BasicAnnotations"/>
  <testcase name="laptopSearch" time="0.001" classname="com.testngwork.org.BasicAnnotations"/>
</testsuite> <!-- com.testngwork.org.BasicAnnotations -->
